<?xml version="1.0" encoding="UTF-8"?>
<!-- Generated by org.testng.reporters.JUnitReportReporter -->
<testsuite hostname="Lenovo" name="test.java.test.ApacheSignUpPageTestSpanish" tests="4" failures="0" timestamp="21 Nov 2016 23:48:26 GMT" time="14.543" errors="0">
  <testcase name="registrationWithSameInfo" time="2.871" classname="test.java.test.ApacheSignUpPageTestSpanish"/>
  <testcase name="testForCurrentPage" time="4.706" classname="test.java.test.ApacheSignUpPageTestSpanish"/>
  <testcase name="registrationWithWrongDetails" time="4.375" classname="test.java.test.ApacheSignUpPageTestSpanish"/>
  <testcase name="registrationWithEmptyDetails" time="2.591" classname="test.java.test.ApacheSignUpPageTestSpanish"/>
</testsuite> <!-- test.java.test.ApacheSignUpPageTestSpanish -->
