<?xml version="1.0" encoding="UTF-8"?>
<!-- Generated by org.testng.reporters.JUnitReportReporter -->
<testsuite hostname="Lenovo" name="test.java.test.TestChai" tests="1" failures="0" timestamp="20 Nov 2016 09:38:39 GMT" time="4.862" errors="0">
  <testcase name="registrationWithWrongDetails" time="4.862" classname="test.java.test.TestChai"/>
</testsuite> <!-- test.java.test.TestChai -->
